<?xml version="1.0" encoding="UTF-8"?>
<testsuite xmlns:xsi="http://www.w3.org/2001/XMLSchema-instance" xsi:noNamespaceSchemaLocation="https://maven.apache.org/surefire/maven-surefire-plugin/xsd/surefire-test-report.xsd" name="TestSuite" time="1.355" tests="4" errors="0" skipped="0" failures="0">
  <properties>
[...]
</properties>
  <testcase name="checkuser1" classname="com.restapi.testng.CheckUserTest" time="0.02"/>
  <testcase name="checkuser2" classname="com.restapi.testng.CheckUserTest" time="0.001"/>
  <testcase name="resenduser1" classname="com.restapi.testng.ResendUserTest" time="0.002"/>
  <testcase name="resenduser2" classname="com.restapi.testng.ResendUserTest" time="0.001"/>
</testsuite>