<?xml version="1.0" encoding="UTF-8"?>
<!-- Generated by org.testng.reporters.JUnitXMLReporter -->
<testsuite hostname="LAPTOP-OVN6GGSU" ignored="0" name="Test" tests="6" failures="0" timestamp="16 May 2018 09:15:18 GMT" time="0.186" errors="0">
  <testcase name="checkuser1" time="0.034" classname="com.restapi.testng.CheckUserTest"/>
  <testcase name="checkuser2" time="0.005" classname="com.restapi.testng.CheckUserTest"/>
  <testcase name="resenduser1" time="0.004" classname="com.restapi.testng.ResendUserTest"/>
  <testcase name="resenduser2" time="0.011" classname="com.restapi.testng.ResendUserTest"/>
  <testcase name="confirmuser1" time="0.007" classname="com.restapi.testng.ConfirmUserTest"/>
  <testcase name="confirmuser2" time="0.009" classname="com.restapi.testng.ConfirmUserTest"/>
</testsuite> <!-- Test -->
