<?xml version="1.0" encoding="UTF-8"?>
<!-- Generated by org.testng.reporters.JUnitXMLReporter -->
<testsuite hostname="LAPTOP-OVN6GGSU" ignored="0" name="Test" tests="4" failures="0" timestamp="16 May 2018 11:42:54 GMT" time="0.073" errors="0">
  <testcase name="checkuser1" time="0.017" classname="com.restapi.testng.CheckUserTest"/>
  <testcase name="checkuser2" time="0.001" classname="com.restapi.testng.CheckUserTest"/>
  <testcase name="resenduser1" time="0.001" classname="com.restapi.testng.ResendUserTest"/>
  <testcase name="resenduser2" time="0.001" classname="com.restapi.testng.ResendUserTest"/>
</testsuite> <!-- Test -->
